2024-04-22 16:26:56.705 INFO  [restartedMain] [com.server.ServerApplication] - Starting ServerApplication using Java 17.0.7 with PID 3716 (C:\Dev\IdeaProjects\kafka\messenger\server\build\classes\java\main started by soumu in C:\Dev\IdeaProjects\kafka\messenger\server)
2024-04-22 16:26:56.707 INFO  [restartedMain] [com.server.ServerApplication] - No active profile set, falling back to 1 default profile: "default"
2024-04-22 16:26:56.766 INFO  [restartedMain] [o.s.b.d.e.DevToolsPropertyDefaultsPostProcessor] - Devtools property defaults active! Set 'spring.devtools.add-properties' to 'false' to disable
2024-04-22 16:26:56.767 INFO  [restartedMain] [o.s.b.d.e.DevToolsPropertyDefaultsPostProcessor] - For additional web related logging consider setting the 'logging.level.web' property to 'DEBUG'
2024-04-22 16:26:58.200 INFO  [restartedMain] [o.s.b.w.embedded.tomcat.TomcatWebServer] - Tomcat initialized with port(s): 8086 (http)
2024-04-22 16:26:58.208 INFO  [restartedMain] [o.apache.coyote.http11.Http11NioProtocol] - Initializing ProtocolHandler ["http-nio-8086"]
2024-04-22 16:26:58.212 INFO  [restartedMain] [o.apache.catalina.core.StandardService] - Starting service [Tomcat]
2024-04-22 16:26:58.213 INFO  [restartedMain] [org.apache.catalina.core.StandardEngine] - Starting Servlet engine: [Apache Tomcat/10.1.19]
2024-04-22 16:26:58.473 INFO  [restartedMain] [org.apache.jasper.servlet.TldScanner] - At least one JAR was scanned for TLDs yet contained no TLDs. Enable debug logging for this logger for a complete list of JARs that were scanned but no TLDs were found in them. Skipping unneeded JARs during scanning can improve startup time and JSP compilation time.
2024-04-22 16:26:58.484 INFO  [restartedMain] [o.a.c.c.C.[Tomcat].[localhost].[/]] - Initializing Spring embedded WebApplicationContext
2024-04-22 16:26:58.484 INFO  [restartedMain] [o.s.b.w.s.c.ServletWebServerApplicationContext] - Root WebApplicationContext: initialization completed in 1717 ms
2024-04-22 16:26:59.487 INFO  [restartedMain] [o.s.b.d.a.OptionalLiveReloadServer] - LiveReload server is running on port 35729
2024-04-22 16:26:59.507 INFO  [restartedMain] [o.apache.coyote.http11.Http11NioProtocol] - Starting ProtocolHandler ["http-nio-8086"]
2024-04-22 16:26:59.532 INFO  [restartedMain] [o.s.b.w.embedded.tomcat.TomcatWebServer] - Tomcat started on port(s): 8086 (http) with context path ''
2024-04-22 16:26:59.533 INFO  [restartedMain] [o.s.m.s.b.SimpleBrokerMessageHandler] - Starting...
2024-04-22 16:26:59.534 INFO  [restartedMain] [o.s.m.s.b.SimpleBrokerMessageHandler] - BrokerAvailabilityEvent[available=true, SimpleBrokerMessageHandler [org.springframework.messaging.simp.broker.DefaultSubscriptionRegistry@11191d5]]
2024-04-22 16:26:59.534 INFO  [restartedMain] [o.s.m.s.b.SimpleBrokerMessageHandler] - Started.
2024-04-22 16:26:59.542 INFO  [restartedMain] [com.server.ServerApplication] - Started ServerApplication in 3.218 seconds (process running for 4.051)
2024-04-22 16:27:23.482 INFO  [http-nio-8086-exec-1] [o.a.c.c.C.[Tomcat].[localhost].[/]] - Initializing Spring DispatcherServlet 'dispatcherServlet'
2024-04-22 16:27:23.482 INFO  [http-nio-8086-exec-1] [o.s.web.servlet.DispatcherServlet] - Initializing Servlet 'dispatcherServlet'
2024-04-22 16:27:23.483 INFO  [http-nio-8086-exec-1] [o.s.web.servlet.DispatcherServlet] - Completed initialization in 1 ms
2024-04-22 16:27:23.680 INFO  [http-nio-8086-exec-4] [com.zaxxer.hikari.HikariDataSource] - HikariPool-1 - Starting...
2024-04-22 16:27:23.973 INFO  [http-nio-8086-exec-4] [com.zaxxer.hikari.pool.HikariPool] - HikariPool-1 - Added connection org.postgresql.jdbc.PgConnection@1b43c073
2024-04-22 16:27:23.975 INFO  [http-nio-8086-exec-4] [com.zaxxer.hikari.HikariDataSource] - HikariPool-1 - Start completed.
2024-04-22 16:27:59.502 INFO  [MessageBroker-7] [o.s.w.s.c.WebSocketMessageBrokerStats] - WebSocketSession[1 current WS(1)-HttpStream(0)-HttpPoll(0), 1 total, 0 closed abnormally (0 connect failure, 0 send limit, 0 transport error)], stompSubProtocol[processed CONNECT(1)-CONNECTED(1)-DISCONNECT(0)], stompBrokerRelay[null], inboundChannel[pool size = 6, active threads = 0, queued tasks = 0, completed tasks = 6], outboundChannel[pool size = 1, active threads = 0, queued tasks = 0, completed tasks = 1], sockJsScheduler[pool size = 8, active threads = 1, queued tasks = 2, completed tasks = 8]
2024-04-22 16:37:15.938 INFO  [http-nio-8086-exec-2] [o.a.k.clients.producer.ProducerConfig] - ProducerConfig values: 
	acks = -1
	auto.include.jmx.reporter = true
	batch.size = 16384
	bootstrap.servers = [192.168.56.101:9092]
	buffer.memory = 33554432
	client.dns.lookup = use_all_dns_ips
	client.id = producer-1
	compression.type = none
	connections.max.idle.ms = 540000
	delivery.timeout.ms = 120000
	enable.idempotence = true
	interceptor.classes = []
	key.serializer = class org.apache.kafka.common.serialization.StringSerializer
	linger.ms = 0
	max.block.ms = 60000
	max.in.flight.requests.per.connection = 5
	max.request.size = 1048576
	metadata.max.age.ms = 300000
	metadata.max.idle.ms = 300000
	metric.reporters = []
	metrics.num.samples = 2
	metrics.recording.level = INFO
	metrics.sample.window.ms = 30000
	partitioner.adaptive.partitioning.enable = true
	partitioner.availability.timeout.ms = 0
	partitioner.class = null
	partitioner.ignore.keys = false
	receive.buffer.bytes = 32768
	reconnect.backoff.max.ms = 1000
	reconnect.backoff.ms = 50
	request.timeout.ms = 30000
	retries = 2147483647
	retry.backoff.ms = 100
	sasl.client.callback.handler.class = null
	sasl.jaas.config = null
	sasl.kerberos.kinit.cmd = /usr/bin/kinit
	sasl.kerberos.min.time.before.relogin = 60000
	sasl.kerberos.service.name = null
	sasl.kerberos.ticket.renew.jitter = 0.05
	sasl.kerberos.ticket.renew.window.factor = 0.8
	sasl.login.callback.handler.class = null
	sasl.login.class = null
	sasl.login.connect.timeout.ms = null
	sasl.login.read.timeout.ms = null
	sasl.login.refresh.buffer.seconds = 300
	sasl.login.refresh.min.period.seconds = 60
	sasl.login.refresh.window.factor = 0.8
	sasl.login.refresh.window.jitter = 0.05
	sasl.login.retry.backoff.max.ms = 10000
	sasl.login.retry.backoff.ms = 100
	sasl.mechanism = GSSAPI
	sasl.oauthbearer.clock.skew.seconds = 30
	sasl.oauthbearer.expected.audience = null
	sasl.oauthbearer.expected.issuer = null
	sasl.oauthbearer.jwks.endpoint.refresh.ms = 3600000
	sasl.oauthbearer.jwks.endpoint.retry.backoff.max.ms = 10000
	sasl.oauthbearer.jwks.endpoint.retry.backoff.ms = 100
	sasl.oauthbearer.jwks.endpoint.url = null
	sasl.oauthbearer.scope.claim.name = scope
	sasl.oauthbearer.sub.claim.name = sub
	sasl.oauthbearer.token.endpoint.url = null
	security.protocol = PLAINTEXT
	security.providers = null
	send.buffer.bytes = 131072
	socket.connection.setup.timeout.max.ms = 30000
	socket.connection.setup.timeout.ms = 10000
	ssl.cipher.suites = null
	ssl.enabled.protocols = [TLSv1.2, TLSv1.3]
	ssl.endpoint.identification.algorithm = https
	ssl.engine.factory.class = null
	ssl.key.password = null
	ssl.keymanager.algorithm = SunX509
	ssl.keystore.certificate.chain = null
	ssl.keystore.key = null
	ssl.keystore.location = null
	ssl.keystore.password = null
	ssl.keystore.type = JKS
	ssl.protocol = TLSv1.3
	ssl.provider = null
	ssl.secure.random.implementation = null
	ssl.trustmanager.algorithm = PKIX
	ssl.truststore.certificates = null
	ssl.truststore.location = null
	ssl.truststore.password = null
	ssl.truststore.type = JKS
	transaction.timeout.ms = 60000
	transactional.id = null
	value.serializer = class org.apache.kafka.common.serialization.StringSerializer

2024-04-22 16:37:15.964 INFO  [http-nio-8086-exec-2] [o.a.kafka.clients.producer.KafkaProducer] - [Producer clientId=producer-1] Instantiated an idempotent producer.
2024-04-22 16:37:16.006 INFO  [http-nio-8086-exec-2] [o.a.kafka.common.utils.AppInfoParser] - Kafka version: 3.4.1
2024-04-22 16:37:16.007 INFO  [http-nio-8086-exec-2] [o.a.kafka.common.utils.AppInfoParser] - Kafka commitId: 8a516edc2755df89
2024-04-22 16:37:16.007 INFO  [http-nio-8086-exec-2] [o.a.kafka.common.utils.AppInfoParser] - Kafka startTimeMs: 1713771436005
2024-04-22 16:37:16.390 INFO  [kafka-producer-network-thread | producer-1] [org.apache.kafka.clients.Metadata] - [Producer clientId=producer-1] Resetting the last seen epoch of partition message_chatting-0 to 0 since the associated topicId changed from null to tV19cMTURACtFF6sTYp7MQ
2024-04-22 16:37:16.391 INFO  [kafka-producer-network-thread | producer-1] [org.apache.kafka.clients.Metadata] - [Producer clientId=producer-1] Cluster ID: iKRNEF8bSNu85OjTJBF-yw
2024-04-22 16:37:16.480 INFO  [kafka-producer-network-thread | producer-1] [o.a.k.c.p.internals.TransactionManager] - [Producer clientId=producer-1] ProducerId set to 1000 with epoch 0
2024-04-22 16:46:46.395 INFO  [kafka-producer-network-thread | producer-1] [org.apache.kafka.clients.NetworkClient] - [Producer clientId=producer-1] Node -1 disconnected.
2024-04-22 17:29:04.022 INFO  [MessageBroker-6] [o.s.w.s.c.WebSocketMessageBrokerStats] - WebSocketSession[0 current WS(0)-HttpStream(0)-HttpPoll(0), 2 total, 0 closed abnormally (0 connect failure, 0 send limit, 1 transport error)], stompSubProtocol[processed CONNECT(2)-CONNECTED(2)-DISCONNECT(0)], stompBrokerRelay[null], inboundChannel[pool size = 3, active threads = 0, queued tasks = 0, completed tasks = 18], outboundChannel[pool size = 1, active threads = 0, queued tasks = 0, completed tasks = 6], sockJsScheduler[pool size = 8, active threads = 2, queued tasks = 0, completed tasks = 428]
2024-04-22 17:29:04.281 INFO  [kafka-producer-network-thread | producer-1] [org.apache.kafka.clients.NetworkClient] - [Producer clientId=producer-1] Node 0 disconnected.
2024-04-22 17:29:04.671 WARN  [HikariPool-1 housekeeper] [com.zaxxer.hikari.pool.HikariPool] - HikariPool-1 - Thread starvation or clock leap detected (housekeeper delta=32m10s525ms991µs200ns).
2024-04-22 17:51:22.505 INFO  [kafka-producer-network-thread | producer-1] [org.apache.kafka.clients.NetworkClient] - [Producer clientId=producer-1] Node 0 disconnected.
2024-04-22 17:51:22.930 WARN  [HikariPool-1 housekeeper] [com.zaxxer.hikari.pool.HikariPool] - HikariPool-1 - Thread starvation or clock leap detected (housekeeper delta=10m48s230ms968µs900ns).
2024-04-22 17:52:46.432 INFO  [kafka-producer-network-thread | producer-1] [org.apache.kafka.clients.NetworkClient] - [Producer clientId=producer-1] Node 0 disconnected.
2024-04-22 17:52:48.502 INFO  [kafka-producer-network-thread | producer-1] [org.apache.kafka.clients.NetworkClient] - [Producer clientId=producer-1] Node 0 disconnected.
2024-04-22 17:52:48.502 WARN  [kafka-producer-network-thread | producer-1] [org.apache.kafka.clients.NetworkClient] - [Producer clientId=producer-1] Connection to node 0 (ubuntu-VirtualBox/192.168.56.101:9092) could not be established. Broker may not be available.
2024-04-22 17:52:50.608 INFO  [kafka-producer-network-thread | producer-1] [org.apache.kafka.clients.NetworkClient] - [Producer clientId=producer-1] Node 0 disconnected.
2024-04-22 17:52:50.609 WARN  [kafka-producer-network-thread | producer-1] [org.apache.kafka.clients.NetworkClient] - [Producer clientId=producer-1] Connection to node 0 (ubuntu-VirtualBox/192.168.56.101:9092) could not be established. Broker may not be available.
2024-04-22 17:52:52.816 INFO  [kafka-producer-network-thread | producer-1] [org.apache.kafka.clients.NetworkClient] - [Producer clientId=producer-1] Node 0 disconnected.
2024-04-22 17:52:52.816 WARN  [kafka-producer-network-thread | producer-1] [org.apache.kafka.clients.NetworkClient] - [Producer clientId=producer-1] Connection to node 0 (ubuntu-VirtualBox/192.168.56.101:9092) could not be established. Broker may not be available.
2024-04-22 17:52:55.175 INFO  [kafka-producer-network-thread | producer-1] [org.apache.kafka.clients.NetworkClient] - [Producer clientId=producer-1] Node 0 disconnected.
2024-04-22 17:52:55.175 WARN  [kafka-producer-network-thread | producer-1] [org.apache.kafka.clients.NetworkClient] - [Producer clientId=producer-1] Connection to node 0 (ubuntu-VirtualBox/192.168.56.101:9092) could not be established. Broker may not be available.
2024-04-22 17:52:57.838 INFO  [kafka-producer-network-thread | producer-1] [org.apache.kafka.clients.NetworkClient] - [Producer clientId=producer-1] Node 0 disconnected.
2024-04-22 17:52:57.838 WARN  [kafka-producer-network-thread | producer-1] [org.apache.kafka.clients.NetworkClient] - [Producer clientId=producer-1] Connection to node 0 (ubuntu-VirtualBox/192.168.56.101:9092) could not be established. Broker may not be available.
2024-04-22 17:53:00.952 INFO  [kafka-producer-network-thread | producer-1] [org.apache.kafka.clients.NetworkClient] - [Producer clientId=producer-1] Node 0 disconnected.
2024-04-22 17:53:00.952 WARN  [kafka-producer-network-thread | producer-1] [org.apache.kafka.clients.NetworkClient] - [Producer clientId=producer-1] Connection to node 0 (ubuntu-VirtualBox/192.168.56.101:9092) could not be established. Broker may not be available.
2024-04-22 17:53:04.066 INFO  [kafka-producer-network-thread | producer-1] [org.apache.kafka.clients.NetworkClient] - [Producer clientId=producer-1] Node 0 disconnected.
2024-04-22 17:53:04.066 WARN  [kafka-producer-network-thread | producer-1] [org.apache.kafka.clients.NetworkClient] - [Producer clientId=producer-1] Connection to node 0 (ubuntu-VirtualBox/192.168.56.101:9092) could not be established. Broker may not be available.
2024-04-22 17:53:07.181 INFO  [kafka-producer-network-thread | producer-1] [org.apache.kafka.clients.NetworkClient] - [Producer clientId=producer-1] Node 0 disconnected.
2024-04-22 17:53:07.182 WARN  [kafka-producer-network-thread | producer-1] [org.apache.kafka.clients.NetworkClient] - [Producer clientId=producer-1] Connection to node 0 (ubuntu-VirtualBox/192.168.56.101:9092) could not be established. Broker may not be available.
2024-04-22 17:53:10.347 INFO  [kafka-producer-network-thread | producer-1] [org.apache.kafka.clients.NetworkClient] - [Producer clientId=producer-1] Node 0 disconnected.
2024-04-22 17:53:10.348 WARN  [kafka-producer-network-thread | producer-1] [org.apache.kafka.clients.NetworkClient] - [Producer clientId=producer-1] Connection to node 0 (ubuntu-VirtualBox/192.168.56.101:9092) could not be established. Broker may not be available.
2024-04-22 17:53:13.260 INFO  [kafka-producer-network-thread | producer-1] [org.apache.kafka.clients.NetworkClient] - [Producer clientId=producer-1] Node 0 disconnected.
2024-04-22 17:53:13.260 WARN  [kafka-producer-network-thread | producer-1] [org.apache.kafka.clients.NetworkClient] - [Producer clientId=producer-1] Connection to node 0 (ubuntu-VirtualBox/192.168.56.101:9092) could not be established. Broker may not be available.
2024-04-22 17:53:19.880 INFO  [kafka-producer-network-thread | producer-1] [org.apache.kafka.clients.NetworkClient] - [Producer clientId=producer-1] Node 0 disconnected.
2024-04-22 17:53:19.880 WARN  [kafka-producer-network-thread | producer-1] [org.apache.kafka.clients.NetworkClient] - [Producer clientId=producer-1] Connection to node 0 (ubuntu-VirtualBox/192.168.56.101:9092) could not be established. Broker may not be available.
2024-04-22 17:53:23.864 INFO  [kafka-producer-network-thread | producer-1] [org.apache.kafka.clients.NetworkClient] - [Producer clientId=producer-1] Node 0 disconnected.
2024-04-22 17:53:23.865 WARN  [kafka-producer-network-thread | producer-1] [org.apache.kafka.clients.NetworkClient] - [Producer clientId=producer-1] Connection to node 0 (ubuntu-VirtualBox/192.168.56.101:9092) could not be established. Broker may not be available.
2024-04-22 17:53:32.828 INFO  [kafka-producer-network-thread | producer-1] [org.apache.kafka.clients.NetworkClient] - [Producer clientId=producer-1] Node 0 disconnected.
2024-04-22 17:53:32.829 WARN  [kafka-producer-network-thread | producer-1] [org.apache.kafka.clients.NetworkClient] - [Producer clientId=producer-1] Connection to node 0 (ubuntu-VirtualBox/192.168.56.101:9092) could not be established. Broker may not be available.
2024-04-22 17:53:35.693 INFO  [kafka-producer-network-thread | producer-1] [org.apache.kafka.clients.NetworkClient] - [Producer clientId=producer-1] Node 0 disconnected.
2024-04-22 17:53:35.694 WARN  [kafka-producer-network-thread | producer-1] [org.apache.kafka.clients.NetworkClient] - [Producer clientId=producer-1] Connection to node 0 (ubuntu-VirtualBox/192.168.56.101:9092) could not be established. Broker may not be available.
2024-04-22 17:53:38.913 INFO  [kafka-producer-network-thread | producer-1] [org.apache.kafka.clients.NetworkClient] - [Producer clientId=producer-1] Node 0 disconnected.
2024-04-22 17:53:38.914 WARN  [kafka-producer-network-thread | producer-1] [org.apache.kafka.clients.NetworkClient] - [Producer clientId=producer-1] Connection to node 0 (ubuntu-VirtualBox/192.168.56.101:9092) could not be established. Broker may not be available.
2024-04-22 17:53:41.925 INFO  [kafka-producer-network-thread | producer-1] [org.apache.kafka.clients.NetworkClient] - [Producer clientId=producer-1] Node 0 disconnected.
2024-04-22 17:53:41.926 WARN  [kafka-producer-network-thread | producer-1] [org.apache.kafka.clients.NetworkClient] - [Producer clientId=producer-1] Connection to node 0 (ubuntu-VirtualBox/192.168.56.101:9092) could not be established. Broker may not be available.
2024-04-22 17:53:44.790 INFO  [kafka-producer-network-thread | producer-1] [org.apache.kafka.clients.NetworkClient] - [Producer clientId=producer-1] Node 0 disconnected.
2024-04-22 17:53:44.790 WARN  [kafka-producer-network-thread | producer-1] [org.apache.kafka.clients.NetworkClient] - [Producer clientId=producer-1] Connection to node 0 (ubuntu-VirtualBox/192.168.56.101:9092) could not be established. Broker may not be available.
2024-04-22 17:53:47.960 INFO  [kafka-producer-network-thread | producer-1] [org.apache.kafka.clients.NetworkClient] - [Producer clientId=producer-1] Node 0 disconnected.
2024-04-22 17:53:47.960 WARN  [kafka-producer-network-thread | producer-1] [org.apache.kafka.clients.NetworkClient] - [Producer clientId=producer-1] Connection to node 0 (ubuntu-VirtualBox/192.168.56.101:9092) could not be established. Broker may not be available.
2024-04-22 17:53:50.824 INFO  [kafka-producer-network-thread | producer-1] [org.apache.kafka.clients.NetworkClient] - [Producer clientId=producer-1] Node 0 disconnected.
2024-04-22 17:53:50.824 WARN  [kafka-producer-network-thread | producer-1] [org.apache.kafka.clients.NetworkClient] - [Producer clientId=producer-1] Connection to node 0 (ubuntu-VirtualBox/192.168.56.101:9092) could not be established. Broker may not be available.
2024-04-22 17:53:52.954 WARN  [kafka-producer-network-thread | producer-1] [org.apache.kafka.clients.NetworkClient] - [Producer clientId=producer-1] Error connecting to node ubuntu-VirtualBox:9092 (id: 0 rack: null)
java.net.UnknownHostException: 알려진 호스트가 없습니다 (ubuntu-VirtualBox)
	at java.base/java.net.Inet6AddressImpl.lookupAllHostAddr(Native Method)
	at java.base/java.net.InetAddress$PlatformNameService.lookupAllHostAddr(InetAddress.java:934)
	at java.base/java.net.InetAddress.getAddressesFromNameService(InetAddress.java:1543)
	at java.base/java.net.InetAddress$NameServiceAddresses.get(InetAddress.java:852)
	at java.base/java.net.InetAddress.getAllByName0(InetAddress.java:1533)
	at java.base/java.net.InetAddress.getAllByName(InetAddress.java:1385)
	at java.base/java.net.InetAddress.getAllByName(InetAddress.java:1306)
	at org.apache.kafka.clients.DefaultHostResolver.resolve(DefaultHostResolver.java:27)
	at org.apache.kafka.clients.ClientUtils.resolve(ClientUtils.java:110)
	at org.apache.kafka.clients.ClusterConnectionStates$NodeConnectionState.currentAddress(ClusterConnectionStates.java:510)
	at org.apache.kafka.clients.ClusterConnectionStates$NodeConnectionState.access$200(ClusterConnectionStates.java:467)
	at org.apache.kafka.clients.ClusterConnectionStates.currentAddress(ClusterConnectionStates.java:173)
	at org.apache.kafka.clients.NetworkClient.initiateConnect(NetworkClient.java:990)
	at org.apache.kafka.clients.NetworkClient.access$600(NetworkClient.java:73)
	at org.apache.kafka.clients.NetworkClient$DefaultMetadataUpdater.maybeUpdate(NetworkClient.java:1163)
	at org.apache.kafka.clients.NetworkClient$DefaultMetadataUpdater.maybeUpdate(NetworkClient.java:1051)
	at org.apache.kafka.clients.NetworkClient.poll(NetworkClient.java:558)
	at org.apache.kafka.clients.producer.internals.Sender.runOnce(Sender.java:328)
	at org.apache.kafka.clients.producer.internals.Sender.run(Sender.java:243)
	at java.base/java.lang.Thread.run(Thread.java:833)
2024-04-22 17:53:53.011 WARN  [kafka-producer-network-thread | producer-1] [org.apache.kafka.clients.NetworkClient] - [Producer clientId=producer-1] Error connecting to node ubuntu-VirtualBox:9092 (id: 0 rack: null)
java.net.UnknownHostException: ubuntu-VirtualBox
	at java.base/java.net.InetAddress$CachedAddresses.get(InetAddress.java:801)
	at java.base/java.net.InetAddress.getAllByName0(InetAddress.java:1533)
	at java.base/java.net.InetAddress.getAllByName(InetAddress.java:1385)
	at java.base/java.net.InetAddress.getAllByName(InetAddress.java:1306)
	at org.apache.kafka.clients.DefaultHostResolver.resolve(DefaultHostResolver.java:27)
	at org.apache.kafka.clients.ClientUtils.resolve(ClientUtils.java:110)
	at org.apache.kafka.clients.ClusterConnectionStates$NodeConnectionState.currentAddress(ClusterConnectionStates.java:510)
	at org.apache.kafka.clients.ClusterConnectionStates$NodeConnectionState.access$200(ClusterConnectionStates.java:467)
	at org.apache.kafka.clients.ClusterConnectionStates.currentAddress(ClusterConnectionStates.java:173)
	at org.apache.kafka.clients.NetworkClient.initiateConnect(NetworkClient.java:990)
	at org.apache.kafka.clients.NetworkClient.access$600(NetworkClient.java:73)
	at org.apache.kafka.clients.NetworkClient$DefaultMetadataUpdater.maybeUpdate(NetworkClient.java:1163)
	at org.apache.kafka.clients.NetworkClient$DefaultMetadataUpdater.maybeUpdate(NetworkClient.java:1051)
	at org.apache.kafka.clients.NetworkClient.poll(NetworkClient.java:558)
	at org.apache.kafka.clients.producer.internals.Sender.runOnce(Sender.java:328)
	at org.apache.kafka.clients.producer.internals.Sender.run(Sender.java:243)
	at java.base/java.lang.Thread.run(Thread.java:833)
2024-04-22 17:53:54.175 WARN  [kafka-producer-network-thread | producer-1] [org.apache.kafka.clients.NetworkClient] - [Producer clientId=producer-1] Error connecting to node ubuntu-VirtualBox:9092 (id: 0 rack: null)
java.net.UnknownHostException: ubuntu-VirtualBox
	at java.base/java.net.InetAddress$CachedAddresses.get(InetAddress.java:801)
	at java.base/java.net.InetAddress.getAllByName0(InetAddress.java:1533)
	at java.base/java.net.InetAddress.getAllByName(InetAddress.java:1385)
	at java.base/java.net.InetAddress.getAllByName(InetAddress.java:1306)
	at org.apache.kafka.clients.DefaultHostResolver.resolve(DefaultHostResolver.java:27)
	at org.apache.kafka.clients.ClientUtils.resolve(ClientUtils.java:110)
	at org.apache.kafka.clients.ClusterConnectionStates$NodeConnectionState.currentAddress(ClusterConnectionStates.java:510)
	at org.apache.kafka.clients.ClusterConnectionStates$NodeConnectionState.access$200(ClusterConnectionStates.java:467)
	at org.apache.kafka.clients.ClusterConnectionStates.currentAddress(ClusterConnectionStates.java:173)
	at org.apache.kafka.clients.NetworkClient.initiateConnect(NetworkClient.java:990)
	at org.apache.kafka.clients.NetworkClient.access$600(NetworkClient.java:73)
	at org.apache.kafka.clients.NetworkClient$DefaultMetadataUpdater.maybeUpdate(NetworkClient.java:1163)
	at org.apache.kafka.clients.NetworkClient$DefaultMetadataUpdater.maybeUpdate(NetworkClient.java:1051)
	at org.apache.kafka.clients.NetworkClient.poll(NetworkClient.java:558)
	at org.apache.kafka.clients.producer.internals.Sender.runOnce(Sender.java:328)
	at org.apache.kafka.clients.producer.internals.Sender.run(Sender.java:243)
	at java.base/java.lang.Thread.run(Thread.java:833)
2024-04-22 17:53:55.033 WARN  [kafka-producer-network-thread | producer-1] [org.apache.kafka.clients.NetworkClient] - [Producer clientId=producer-1] Error connecting to node ubuntu-VirtualBox:9092 (id: 0 rack: null)
java.net.UnknownHostException: ubuntu-VirtualBox
	at java.base/java.net.InetAddress$CachedAddresses.get(InetAddress.java:801)
	at java.base/java.net.InetAddress.getAllByName0(InetAddress.java:1533)
	at java.base/java.net.InetAddress.getAllByName(InetAddress.java:1385)
	at java.base/java.net.InetAddress.getAllByName(InetAddress.java:1306)
	at org.apache.kafka.clients.DefaultHostResolver.resolve(DefaultHostResolver.java:27)
	at org.apache.kafka.clients.ClientUtils.resolve(ClientUtils.java:110)
	at org.apache.kafka.clients.ClusterConnectionStates$NodeConnectionState.currentAddress(ClusterConnectionStates.java:510)
	at org.apache.kafka.clients.ClusterConnectionStates$NodeConnectionState.access$200(ClusterConnectionStates.java:467)
	at org.apache.kafka.clients.ClusterConnectionStates.currentAddress(ClusterConnectionStates.java:173)
	at org.apache.kafka.clients.NetworkClient.initiateConnect(NetworkClient.java:990)
	at org.apache.kafka.clients.NetworkClient.access$600(NetworkClient.java:73)
	at org.apache.kafka.clients.NetworkClient$DefaultMetadataUpdater.maybeUpdate(NetworkClient.java:1163)
	at org.apache.kafka.clients.NetworkClient$DefaultMetadataUpdater.maybeUpdate(NetworkClient.java:1051)
	at org.apache.kafka.clients.NetworkClient.poll(NetworkClient.java:558)
	at org.apache.kafka.clients.producer.internals.Sender.runOnce(Sender.java:328)
	at org.apache.kafka.clients.producer.internals.Sender.run(Sender.java:243)
	at java.base/java.lang.Thread.run(Thread.java:833)
2024-04-22 17:53:55.889 WARN  [kafka-producer-network-thread | producer-1] [org.apache.kafka.clients.NetworkClient] - [Producer clientId=producer-1] Error connecting to node ubuntu-VirtualBox:9092 (id: 0 rack: null)
java.net.UnknownHostException: ubuntu-VirtualBox
	at java.base/java.net.InetAddress$CachedAddresses.get(InetAddress.java:801)
	at java.base/java.net.InetAddress.getAllByName0(InetAddress.java:1533)
	at java.base/java.net.InetAddress.getAllByName(InetAddress.java:1385)
	at java.base/java.net.InetAddress.getAllByName(InetAddress.java:1306)
	at org.apache.kafka.clients.DefaultHostResolver.resolve(DefaultHostResolver.java:27)
	at org.apache.kafka.clients.ClientUtils.resolve(ClientUtils.java:110)
	at org.apache.kafka.clients.ClusterConnectionStates$NodeConnectionState.currentAddress(ClusterConnectionStates.java:510)
	at org.apache.kafka.clients.ClusterConnectionStates$NodeConnectionState.access$200(ClusterConnectionStates.java:467)
	at org.apache.kafka.clients.ClusterConnectionStates.currentAddress(ClusterConnectionStates.java:173)
	at org.apache.kafka.clients.NetworkClient.initiateConnect(NetworkClient.java:990)
	at org.apache.kafka.clients.NetworkClient.access$600(NetworkClient.java:73)
	at org.apache.kafka.clients.NetworkClient$DefaultMetadataUpdater.maybeUpdate(NetworkClient.java:1163)
	at org.apache.kafka.clients.NetworkClient$DefaultMetadataUpdater.maybeUpdate(NetworkClient.java:1051)
	at org.apache.kafka.clients.NetworkClient.poll(NetworkClient.java:558)
	at org.apache.kafka.clients.producer.internals.Sender.runOnce(Sender.java:328)
	at org.apache.kafka.clients.producer.internals.Sender.run(Sender.java:243)
	at java.base/java.lang.Thread.run(Thread.java:833)
2024-04-22 17:53:56.896 WARN  [kafka-producer-network-thread | producer-1] [org.apache.kafka.clients.NetworkClient] - [Producer clientId=producer-1] Error connecting to node ubuntu-VirtualBox:9092 (id: 0 rack: null)
java.net.UnknownHostException: ubuntu-VirtualBox
	at java.base/java.net.InetAddress$CachedAddresses.get(InetAddress.java:801)
	at java.base/java.net.InetAddress.getAllByName0(InetAddress.java:1533)
	at java.base/java.net.InetAddress.getAllByName(InetAddress.java:1385)
	at java.base/java.net.InetAddress.getAllByName(InetAddress.java:1306)
	at org.apache.kafka.clients.DefaultHostResolver.resolve(DefaultHostResolver.java:27)
	at org.apache.kafka.clients.ClientUtils.resolve(ClientUtils.java:110)
	at org.apache.kafka.clients.ClusterConnectionStates$NodeConnectionState.currentAddress(ClusterConnectionStates.java:510)
	at org.apache.kafka.clients.ClusterConnectionStates$NodeConnectionState.access$200(ClusterConnectionStates.java:467)
	at org.apache.kafka.clients.ClusterConnectionStates.currentAddress(ClusterConnectionStates.java:173)
	at org.apache.kafka.clients.NetworkClient.initiateConnect(NetworkClient.java:990)
	at org.apache.kafka.clients.NetworkClient.access$600(NetworkClient.java:73)
	at org.apache.kafka.clients.NetworkClient$DefaultMetadataUpdater.maybeUpdate(NetworkClient.java:1163)
	at org.apache.kafka.clients.NetworkClient$DefaultMetadataUpdater.maybeUpdate(NetworkClient.java:1051)
	at org.apache.kafka.clients.NetworkClient.poll(NetworkClient.java:558)
	at org.apache.kafka.clients.producer.internals.Sender.runOnce(Sender.java:328)
	at org.apache.kafka.clients.producer.internals.Sender.run(Sender.java:243)
	at java.base/java.lang.Thread.run(Thread.java:833)
2024-04-22 17:53:57.904 WARN  [kafka-producer-network-thread | producer-1] [org.apache.kafka.clients.NetworkClient] - [Producer clientId=producer-1] Error connecting to node ubuntu-VirtualBox:9092 (id: 0 rack: null)
java.net.UnknownHostException: ubuntu-VirtualBox
	at java.base/java.net.InetAddress$CachedAddresses.get(InetAddress.java:801)
	at java.base/java.net.InetAddress.getAllByName0(InetAddress.java:1533)
	at java.base/java.net.InetAddress.getAllByName(InetAddress.java:1385)
	at java.base/java.net.InetAddress.getAllByName(InetAddress.java:1306)
	at org.apache.kafka.clients.DefaultHostResolver.resolve(DefaultHostResolver.java:27)
	at org.apache.kafka.clients.ClientUtils.resolve(ClientUtils.java:110)
	at org.apache.kafka.clients.ClusterConnectionStates$NodeConnectionState.currentAddress(ClusterConnectionStates.java:510)
	at org.apache.kafka.clients.ClusterConnectionStates$NodeConnectionState.access$200(ClusterConnectionStates.java:467)
	at org.apache.kafka.clients.ClusterConnectionStates.currentAddress(ClusterConnectionStates.java:173)
	at org.apache.kafka.clients.NetworkClient.initiateConnect(NetworkClient.java:990)
	at org.apache.kafka.clients.NetworkClient.access$600(NetworkClient.java:73)
	at org.apache.kafka.clients.NetworkClient$DefaultMetadataUpdater.maybeUpdate(NetworkClient.java:1163)
	at org.apache.kafka.clients.NetworkClient$DefaultMetadataUpdater.maybeUpdate(NetworkClient.java:1051)
	at org.apache.kafka.clients.NetworkClient.poll(NetworkClient.java:558)
	at org.apache.kafka.clients.producer.internals.Sender.runOnce(Sender.java:328)
	at org.apache.kafka.clients.producer.internals.Sender.run(Sender.java:243)
	at java.base/java.lang.Thread.run(Thread.java:833)
2024-04-22 17:53:59.001 WARN  [kafka-producer-network-thread | producer-1] [org.apache.kafka.clients.NetworkClient] - [Producer clientId=producer-1] Error connecting to node ubuntu-VirtualBox:9092 (id: 0 rack: null)
java.net.UnknownHostException: ubuntu-VirtualBox
	at java.base/java.net.InetAddress$CachedAddresses.get(InetAddress.java:801)
	at java.base/java.net.InetAddress.getAllByName0(InetAddress.java:1533)
	at java.base/java.net.InetAddress.getAllByName(InetAddress.java:1385)
	at java.base/java.net.InetAddress.getAllByName(InetAddress.java:1306)
	at org.apache.kafka.clients.DefaultHostResolver.resolve(DefaultHostResolver.java:27)
	at org.apache.kafka.clients.ClientUtils.resolve(ClientUtils.java:110)
	at org.apache.kafka.clients.ClusterConnectionStates$NodeConnectionState.currentAddress(ClusterConnectionStates.java:510)
	at org.apache.kafka.clients.ClusterConnectionStates$NodeConnectionState.access$200(ClusterConnectionStates.java:467)
	at org.apache.kafka.clients.ClusterConnectionStates.currentAddress(ClusterConnectionStates.java:173)
	at org.apache.kafka.clients.NetworkClient.initiateConnect(NetworkClient.java:990)
	at org.apache.kafka.clients.NetworkClient.access$600(NetworkClient.java:73)
	at org.apache.kafka.clients.NetworkClient$DefaultMetadataUpdater.maybeUpdate(NetworkClient.java:1163)
	at org.apache.kafka.clients.NetworkClient$DefaultMetadataUpdater.maybeUpdate(NetworkClient.java:1051)
	at org.apache.kafka.clients.NetworkClient.poll(NetworkClient.java:558)
	at org.apache.kafka.clients.producer.internals.Sender.runOnce(Sender.java:328)
	at org.apache.kafka.clients.producer.internals.Sender.run(Sender.java:243)
	at java.base/java.lang.Thread.run(Thread.java:833)
2024-04-22 17:53:59.991 WARN  [kafka-producer-network-thread | producer-1] [org.apache.kafka.clients.NetworkClient] - [Producer clientId=producer-1] Error connecting to node ubuntu-VirtualBox:9092 (id: 0 rack: null)
java.net.UnknownHostException: ubuntu-VirtualBox
	at java.base/java.net.InetAddress$CachedAddresses.get(InetAddress.java:801)
	at java.base/java.net.InetAddress.getAllByName0(InetAddress.java:1533)
	at java.base/java.net.InetAddress.getAllByName(InetAddress.java:1385)
	at java.base/java.net.InetAddress.getAllByName(InetAddress.java:1306)
	at org.apache.kafka.clients.DefaultHostResolver.resolve(DefaultHostResolver.java:27)
	at org.apache.kafka.clients.ClientUtils.resolve(ClientUtils.java:110)
	at org.apache.kafka.clients.ClusterConnectionStates$NodeConnectionState.currentAddress(ClusterConnectionStates.java:510)
	at org.apache.kafka.clients.ClusterConnectionStates$NodeConnectionState.access$200(ClusterConnectionStates.java:467)
	at org.apache.kafka.clients.ClusterConnectionStates.currentAddress(ClusterConnectionStates.java:173)
	at org.apache.kafka.clients.NetworkClient.initiateConnect(NetworkClient.java:990)
	at org.apache.kafka.clients.NetworkClient.access$600(NetworkClient.java:73)
	at org.apache.kafka.clients.NetworkClient$DefaultMetadataUpdater.maybeUpdate(NetworkClient.java:1163)
	at org.apache.kafka.clients.NetworkClient$DefaultMetadataUpdater.maybeUpdate(NetworkClient.java:1051)
	at org.apache.kafka.clients.NetworkClient.poll(NetworkClient.java:558)
	at org.apache.kafka.clients.producer.internals.Sender.runOnce(Sender.java:328)
	at org.apache.kafka.clients.producer.internals.Sender.run(Sender.java:243)
	at java.base/java.lang.Thread.run(Thread.java:833)
2024-04-22 17:54:00.853 WARN  [kafka-producer-network-thread | producer-1] [org.apache.kafka.clients.NetworkClient] - [Producer clientId=producer-1] Error connecting to node ubuntu-VirtualBox:9092 (id: 0 rack: null)
java.net.UnknownHostException: ubuntu-VirtualBox
	at java.base/java.net.InetAddress$CachedAddresses.get(InetAddress.java:801)
	at java.base/java.net.InetAddress.getAllByName0(InetAddress.java:1533)
	at java.base/java.net.InetAddress.getAllByName(InetAddress.java:1385)
	at java.base/java.net.InetAddress.getAllByName(InetAddress.java:1306)
	at org.apache.kafka.clients.DefaultHostResolver.resolve(DefaultHostResolver.java:27)
	at org.apache.kafka.clients.ClientUtils.resolve(ClientUtils.java:110)
	at org.apache.kafka.clients.ClusterConnectionStates$NodeConnectionState.currentAddress(ClusterConnectionStates.java:510)
	at org.apache.kafka.clients.ClusterConnectionStates$NodeConnectionState.access$200(ClusterConnectionStates.java:467)
	at org.apache.kafka.clients.ClusterConnectionStates.currentAddress(ClusterConnectionStates.java:173)
	at org.apache.kafka.clients.NetworkClient.initiateConnect(NetworkClient.java:990)
	at org.apache.kafka.clients.NetworkClient.access$600(NetworkClient.java:73)
	at org.apache.kafka.clients.NetworkClient$DefaultMetadataUpdater.maybeUpdate(NetworkClient.java:1163)
	at org.apache.kafka.clients.NetworkClient$DefaultMetadataUpdater.maybeUpdate(NetworkClient.java:1051)
	at org.apache.kafka.clients.NetworkClient.poll(NetworkClient.java:558)
	at org.apache.kafka.clients.producer.internals.Sender.runOnce(Sender.java:328)
	at org.apache.kafka.clients.producer.internals.Sender.run(Sender.java:243)
	at java.base/java.lang.Thread.run(Thread.java:833)
2024-04-22 17:54:01.970 WARN  [kafka-producer-network-thread | producer-1] [org.apache.kafka.clients.NetworkClient] - [Producer clientId=producer-1] Error connecting to node ubuntu-VirtualBox:9092 (id: 0 rack: null)
java.net.UnknownHostException: ubuntu-VirtualBox
	at java.base/java.net.InetAddress$CachedAddresses.get(InetAddress.java:801)
	at java.base/java.net.InetAddress.getAllByName0(InetAddress.java:1533)
	at java.base/java.net.InetAddress.getAllByName(InetAddress.java:1385)
	at java.base/java.net.InetAddress.getAllByName(InetAddress.java:1306)
	at org.apache.kafka.clients.DefaultHostResolver.resolve(DefaultHostResolver.java:27)
	at org.apache.kafka.clients.ClientUtils.resolve(ClientUtils.java:110)
	at org.apache.kafka.clients.ClusterConnectionStates$NodeConnectionState.currentAddress(ClusterConnectionStates.java:510)
	at org.apache.kafka.clients.ClusterConnectionStates$NodeConnectionState.access$200(ClusterConnectionStates.java:467)
	at org.apache.kafka.clients.ClusterConnectionStates.currentAddress(ClusterConnectionStates.java:173)
	at org.apache.kafka.clients.NetworkClient.initiateConnect(NetworkClient.java:990)
	at org.apache.kafka.clients.NetworkClient.access$600(NetworkClient.java:73)
	at org.apache.kafka.clients.NetworkClient$DefaultMetadataUpdater.maybeUpdate(NetworkClient.java:1163)
	at org.apache.kafka.clients.NetworkClient$DefaultMetadataUpdater.maybeUpdate(NetworkClient.java:1051)
	at org.apache.kafka.clients.NetworkClient.poll(NetworkClient.java:558)
	at org.apache.kafka.clients.producer.internals.Sender.runOnce(Sender.java:328)
	at org.apache.kafka.clients.producer.internals.Sender.run(Sender.java:243)
	at java.base/java.lang.Thread.run(Thread.java:833)
2024-04-22 17:54:02.833 WARN  [kafka-producer-network-thread | producer-1] [org.apache.kafka.clients.NetworkClient] - [Producer clientId=producer-1] Error connecting to node ubuntu-VirtualBox:9092 (id: 0 rack: null)
java.net.UnknownHostException: ubuntu-VirtualBox
	at java.base/java.net.InetAddress$CachedAddresses.get(InetAddress.java:801)
	at java.base/java.net.InetAddress.getAllByName0(InetAddress.java:1533)
	at java.base/java.net.InetAddress.getAllByName(InetAddress.java:1385)
	at java.base/java.net.InetAddress.getAllByName(InetAddress.java:1306)
	at org.apache.kafka.clients.DefaultHostResolver.resolve(DefaultHostResolver.java:27)
	at org.apache.kafka.clients.ClientUtils.resolve(ClientUtils.java:110)
	at org.apache.kafka.clients.ClusterConnectionStates$NodeConnectionState.currentAddress(ClusterConnectionStates.java:510)
	at org.apache.kafka.clients.ClusterConnectionStates$NodeConnectionState.access$200(ClusterConnectionStates.java:467)
	at org.apache.kafka.clients.ClusterConnectionStates.currentAddress(ClusterConnectionStates.java:173)
	at org.apache.kafka.clients.NetworkClient.initiateConnect(NetworkClient.java:990)
	at org.apache.kafka.clients.NetworkClient.access$600(NetworkClient.java:73)
	at org.apache.kafka.clients.NetworkClient$DefaultMetadataUpdater.maybeUpdate(NetworkClient.java:1163)
	at org.apache.kafka.clients.NetworkClient$DefaultMetadataUpdater.maybeUpdate(NetworkClient.java:1051)
	at org.apache.kafka.clients.NetworkClient.poll(NetworkClient.java:558)
	at org.apache.kafka.clients.producer.internals.Sender.runOnce(Sender.java:328)
	at org.apache.kafka.clients.producer.internals.Sender.run(Sender.java:243)
	at java.base/java.lang.Thread.run(Thread.java:833)
2024-04-22 17:54:05.026 WARN  [kafka-producer-network-thread | producer-1] [org.apache.kafka.clients.NetworkClient] - [Producer clientId=producer-1] Error connecting to node ubuntu-VirtualBox:9092 (id: 0 rack: null)
java.net.UnknownHostException: 알려진 호스트가 없습니다 (ubuntu-VirtualBox)
	at java.base/java.net.Inet6AddressImpl.lookupAllHostAddr(Native Method)
	at java.base/java.net.InetAddress$PlatformNameService.lookupAllHostAddr(InetAddress.java:934)
	at java.base/java.net.InetAddress.getAddressesFromNameService(InetAddress.java:1543)
	at java.base/java.net.InetAddress$NameServiceAddresses.get(InetAddress.java:852)
	at java.base/java.net.InetAddress.getAllByName0(InetAddress.java:1533)
	at java.base/java.net.InetAddress.getAllByName(InetAddress.java:1385)
	at java.base/java.net.InetAddress.getAllByName(InetAddress.java:1306)
	at org.apache.kafka.clients.DefaultHostResolver.resolve(DefaultHostResolver.java:27)
	at org.apache.kafka.clients.ClientUtils.resolve(ClientUtils.java:110)
	at org.apache.kafka.clients.ClusterConnectionStates$NodeConnectionState.currentAddress(ClusterConnectionStates.java:510)
	at org.apache.kafka.clients.ClusterConnectionStates$NodeConnectionState.access$200(ClusterConnectionStates.java:467)
	at org.apache.kafka.clients.ClusterConnectionStates.currentAddress(ClusterConnectionStates.java:173)
	at org.apache.kafka.clients.NetworkClient.initiateConnect(NetworkClient.java:990)
	at org.apache.kafka.clients.NetworkClient.access$600(NetworkClient.java:73)
	at org.apache.kafka.clients.NetworkClient$DefaultMetadataUpdater.maybeUpdate(NetworkClient.java:1163)
	at org.apache.kafka.clients.NetworkClient$DefaultMetadataUpdater.maybeUpdate(NetworkClient.java:1051)
	at org.apache.kafka.clients.NetworkClient.poll(NetworkClient.java:558)
	at org.apache.kafka.clients.producer.internals.Sender.runOnce(Sender.java:328)
	at org.apache.kafka.clients.producer.internals.Sender.run(Sender.java:243)
	at java.base/java.lang.Thread.run(Thread.java:833)
2024-04-22 17:54:05.087 WARN  [kafka-producer-network-thread | producer-1] [org.apache.kafka.clients.NetworkClient] - [Producer clientId=producer-1] Error connecting to node ubuntu-VirtualBox:9092 (id: 0 rack: null)
java.net.UnknownHostException: ubuntu-VirtualBox
	at java.base/java.net.InetAddress$CachedAddresses.get(InetAddress.java:801)
	at java.base/java.net.InetAddress.getAllByName0(InetAddress.java:1533)
	at java.base/java.net.InetAddress.getAllByName(InetAddress.java:1385)
	at java.base/java.net.InetAddress.getAllByName(InetAddress.java:1306)
	at org.apache.kafka.clients.DefaultHostResolver.resolve(DefaultHostResolver.java:27)
	at org.apache.kafka.clients.ClientUtils.resolve(ClientUtils.java:110)
	at org.apache.kafka.clients.ClusterConnectionStates$NodeConnectionState.currentAddress(ClusterConnectionStates.java:510)
	at org.apache.kafka.clients.ClusterConnectionStates$NodeConnectionState.access$200(ClusterConnectionStates.java:467)
	at org.apache.kafka.clients.ClusterConnectionStates.currentAddress(ClusterConnectionStates.java:173)
	at org.apache.kafka.clients.NetworkClient.initiateConnect(NetworkClient.java:990)
	at org.apache.kafka.clients.NetworkClient.access$600(NetworkClient.java:73)
	at org.apache.kafka.clients.NetworkClient$DefaultMetadataUpdater.maybeUpdate(NetworkClient.java:1163)
	at org.apache.kafka.clients.NetworkClient$DefaultMetadataUpdater.maybeUpdate(NetworkClient.java:1051)
	at org.apache.kafka.clients.NetworkClient.poll(NetworkClient.java:558)
	at org.apache.kafka.clients.producer.internals.Sender.runOnce(Sender.java:328)
	at org.apache.kafka.clients.producer.internals.Sender.run(Sender.java:243)
	at java.base/java.lang.Thread.run(Thread.java:833)
2024-04-22 17:54:06.139 WARN  [kafka-producer-network-thread | producer-1] [org.apache.kafka.clients.NetworkClient] - [Producer clientId=producer-1] Error connecting to node ubuntu-VirtualBox:9092 (id: 0 rack: null)
java.net.UnknownHostException: ubuntu-VirtualBox
	at java.base/java.net.InetAddress$CachedAddresses.get(InetAddress.java:801)
	at java.base/java.net.InetAddress.getAllByName0(InetAddress.java:1533)
	at java.base/java.net.InetAddress.getAllByName(InetAddress.java:1385)
	at java.base/java.net.InetAddress.getAllByName(InetAddress.java:1306)
	at org.apache.kafka.clients.DefaultHostResolver.resolve(DefaultHostResolver.java:27)
	at org.apache.kafka.clients.ClientUtils.resolve(ClientUtils.java:110)
	at org.apache.kafka.clients.ClusterConnectionStates$NodeConnectionState.currentAddress(ClusterConnectionStates.java:510)
	at org.apache.kafka.clients.ClusterConnectionStates$NodeConnectionState.access$200(ClusterConnectionStates.java:467)
	at org.apache.kafka.clients.ClusterConnectionStates.currentAddress(ClusterConnectionStates.java:173)
	at org.apache.kafka.clients.NetworkClient.initiateConnect(NetworkClient.java:990)
	at org.apache.kafka.clients.NetworkClient.access$600(NetworkClient.java:73)
	at org.apache.kafka.clients.NetworkClient$DefaultMetadataUpdater.maybeUpdate(NetworkClient.java:1163)
	at org.apache.kafka.clients.NetworkClient$DefaultMetadataUpdater.maybeUpdate(NetworkClient.java:1051)
	at org.apache.kafka.clients.NetworkClient.poll(NetworkClient.java:558)
	at org.apache.kafka.clients.producer.internals.Sender.runOnce(Sender.java:328)
	at org.apache.kafka.clients.producer.internals.Sender.run(Sender.java:243)
	at java.base/java.lang.Thread.run(Thread.java:833)
2024-04-22 17:54:07.132 WARN  [kafka-producer-network-thread | producer-1] [org.apache.kafka.clients.NetworkClient] - [Producer clientId=producer-1] Error connecting to node ubuntu-VirtualBox:9092 (id: 0 rack: null)
java.net.UnknownHostException: ubuntu-VirtualBox
	at java.base/java.net.InetAddress$CachedAddresses.get(InetAddress.java:801)
	at java.base/java.net.InetAddress.getAllByName0(InetAddress.java:1533)
	at java.base/java.net.InetAddress.getAllByName(InetAddress.java:1385)
	at java.base/java.net.InetAddress.getAllByName(InetAddress.java:1306)
	at org.apache.kafka.clients.DefaultHostResolver.resolve(DefaultHostResolver.java:27)
	at org.apache.kafka.clients.ClientUtils.resolve(ClientUtils.java:110)
	at org.apache.kafka.clients.ClusterConnectionStates$NodeConnectionState.currentAddress(ClusterConnectionStates.java:510)
	at org.apache.kafka.clients.ClusterConnectionStates$NodeConnectionState.access$200(ClusterConnectionStates.java:467)
	at org.apache.kafka.clients.ClusterConnectionStates.currentAddress(ClusterConnectionStates.java:173)
	at org.apache.kafka.clients.NetworkClient.initiateConnect(NetworkClient.java:990)
	at org.apache.kafka.clients.NetworkClient.access$600(NetworkClient.java:73)
	at org.apache.kafka.clients.NetworkClient$DefaultMetadataUpdater.maybeUpdate(NetworkClient.java:1163)
	at org.apache.kafka.clients.NetworkClient$DefaultMetadataUpdater.maybeUpdate(NetworkClient.java:1051)
	at org.apache.kafka.clients.NetworkClient.poll(NetworkClient.java:558)
	at org.apache.kafka.clients.producer.internals.Sender.runOnce(Sender.java:328)
	at org.apache.kafka.clients.producer.internals.Sender.run(Sender.java:243)
	at java.base/java.lang.Thread.run(Thread.java:833)
2024-04-22 17:54:08.183 WARN  [kafka-producer-network-thread | producer-1] [org.apache.kafka.clients.NetworkClient] - [Producer clientId=producer-1] Error connecting to node ubuntu-VirtualBox:9092 (id: 0 rack: null)
java.net.UnknownHostException: ubuntu-VirtualBox
	at java.base/java.net.InetAddress$CachedAddresses.get(InetAddress.java:801)
	at java.base/java.net.InetAddress.getAllByName0(InetAddress.java:1533)
	at java.base/java.net.InetAddress.getAllByName(InetAddress.java:1385)
	at java.base/java.net.InetAddress.getAllByName(InetAddress.java:1306)
	at org.apache.kafka.clients.DefaultHostResolver.resolve(DefaultHostResolver.java:27)
	at org.apache.kafka.clients.ClientUtils.resolve(ClientUtils.java:110)
	at org.apache.kafka.clients.ClusterConnectionStates$NodeConnectionState.currentAddress(ClusterConnectionStates.java:510)
	at org.apache.kafka.clients.ClusterConnectionStates$NodeConnectionState.access$200(ClusterConnectionStates.java:467)
	at org.apache.kafka.clients.ClusterConnectionStates.currentAddress(ClusterConnectionStates.java:173)
	at org.apache.kafka.clients.NetworkClient.initiateConnect(NetworkClient.java:990)
	at org.apache.kafka.clients.NetworkClient.access$600(NetworkClient.java:73)
	at org.apache.kafka.clients.NetworkClient$DefaultMetadataUpdater.maybeUpdate(NetworkClient.java:1163)
	at org.apache.kafka.clients.NetworkClient$DefaultMetadataUpdater.maybeUpdate(NetworkClient.java:1051)
	at org.apache.kafka.clients.NetworkClient.poll(NetworkClient.java:558)
	at org.apache.kafka.clients.producer.internals.Sender.runOnce(Sender.java:328)
	at org.apache.kafka.clients.producer.internals.Sender.run(Sender.java:243)
	at java.base/java.lang.Thread.run(Thread.java:833)
2024-04-22 17:54:09.301 WARN  [kafka-producer-network-thread | producer-1] [org.apache.kafka.clients.NetworkClient] - [Producer clientId=producer-1] Error connecting to node ubuntu-VirtualBox:9092 (id: 0 rack: null)
java.net.UnknownHostException: ubuntu-VirtualBox
	at java.base/java.net.InetAddress$CachedAddresses.get(InetAddress.java:801)
	at java.base/java.net.InetAddress.getAllByName0(InetAddress.java:1533)
	at java.base/java.net.InetAddress.getAllByName(InetAddress.java:1385)
	at java.base/java.net.InetAddress.getAllByName(InetAddress.java:1306)
	at org.apache.kafka.clients.DefaultHostResolver.resolve(DefaultHostResolver.java:27)
	at org.apache.kafka.clients.ClientUtils.resolve(ClientUtils.java:110)
	at org.apache.kafka.clients.ClusterConnectionStates$NodeConnectionState.currentAddress(ClusterConnectionStates.java:510)
	at org.apache.kafka.clients.ClusterConnectionStates$NodeConnectionState.access$200(ClusterConnectionStates.java:467)
	at org.apache.kafka.clients.ClusterConnectionStates.currentAddress(ClusterConnectionStates.java:173)
	at org.apache.kafka.clients.NetworkClient.initiateConnect(NetworkClient.java:990)
	at org.apache.kafka.clients.NetworkClient.access$600(NetworkClient.java:73)
	at org.apache.kafka.clients.NetworkClient$DefaultMetadataUpdater.maybeUpdate(NetworkClient.java:1163)
	at org.apache.kafka.clients.NetworkClient$DefaultMetadataUpdater.maybeUpdate(NetworkClient.java:1051)
	at org.apache.kafka.clients.NetworkClient.poll(NetworkClient.java:558)
	at org.apache.kafka.clients.producer.internals.Sender.runOnce(Sender.java:328)
	at org.apache.kafka.clients.producer.internals.Sender.run(Sender.java:243)
	at java.base/java.lang.Thread.run(Thread.java:833)
2024-04-22 17:54:10.405 WARN  [kafka-producer-network-thread | producer-1] [org.apache.kafka.clients.NetworkClient] - [Producer clientId=producer-1] Error connecting to node ubuntu-VirtualBox:9092 (id: 0 rack: null)
java.net.UnknownHostException: ubuntu-VirtualBox
	at java.base/java.net.InetAddress$CachedAddresses.get(InetAddress.java:801)
	at java.base/java.net.InetAddress.getAllByName0(InetAddress.java:1533)
	at java.base/java.net.InetAddress.getAllByName(InetAddress.java:1385)
	at java.base/java.net.InetAddress.getAllByName(InetAddress.java:1306)
	at org.apache.kafka.clients.DefaultHostResolver.resolve(DefaultHostResolver.java:27)
	at org.apache.kafka.clients.ClientUtils.resolve(ClientUtils.java:110)
	at org.apache.kafka.clients.ClusterConnectionStates$NodeConnectionState.currentAddress(ClusterConnectionStates.java:510)
	at org.apache.kafka.clients.ClusterConnectionStates$NodeConnectionState.access$200(ClusterConnectionStates.java:467)
	at org.apache.kafka.clients.ClusterConnectionStates.currentAddress(ClusterConnectionStates.java:173)
	at org.apache.kafka.clients.NetworkClient.initiateConnect(NetworkClient.java:990)
	at org.apache.kafka.clients.NetworkClient.access$600(NetworkClient.java:73)
	at org.apache.kafka.clients.NetworkClient$DefaultMetadataUpdater.maybeUpdate(NetworkClient.java:1163)
	at org.apache.kafka.clients.NetworkClient$DefaultMetadataUpdater.maybeUpdate(NetworkClient.java:1051)
	at org.apache.kafka.clients.NetworkClient.poll(NetworkClient.java:558)
	at org.apache.kafka.clients.producer.internals.Sender.runOnce(Sender.java:328)
	at org.apache.kafka.clients.producer.internals.Sender.run(Sender.java:243)
	at java.base/java.lang.Thread.run(Thread.java:833)
2024-04-22 17:54:11.268 WARN  [kafka-producer-network-thread | producer-1] [org.apache.kafka.clients.NetworkClient] - [Producer clientId=producer-1] Error connecting to node ubuntu-VirtualBox:9092 (id: 0 rack: null)
java.net.UnknownHostException: ubuntu-VirtualBox
	at java.base/java.net.InetAddress$CachedAddresses.get(InetAddress.java:801)
	at java.base/java.net.InetAddress.getAllByName0(InetAddress.java:1533)
	at java.base/java.net.InetAddress.getAllByName(InetAddress.java:1385)
	at java.base/java.net.InetAddress.getAllByName(InetAddress.java:1306)
	at org.apache.kafka.clients.DefaultHostResolver.resolve(DefaultHostResolver.java:27)
	at org.apache.kafka.clients.ClientUtils.resolve(ClientUtils.java:110)
	at org.apache.kafka.clients.ClusterConnectionStates$NodeConnectionState.currentAddress(ClusterConnectionStates.java:510)
	at org.apache.kafka.clients.ClusterConnectionStates$NodeConnectionState.access$200(ClusterConnectionStates.java:467)
	at org.apache.kafka.clients.ClusterConnectionStates.currentAddress(ClusterConnectionStates.java:173)
	at org.apache.kafka.clients.NetworkClient.initiateConnect(NetworkClient.java:990)
	at org.apache.kafka.clients.NetworkClient.access$600(NetworkClient.java:73)
	at org.apache.kafka.clients.NetworkClient$DefaultMetadataUpdater.maybeUpdate(NetworkClient.java:1163)
	at org.apache.kafka.clients.NetworkClient$DefaultMetadataUpdater.maybeUpdate(NetworkClient.java:1051)
	at org.apache.kafka.clients.NetworkClient.poll(NetworkClient.java:558)
	at org.apache.kafka.clients.producer.internals.Sender.runOnce(Sender.java:328)
	at org.apache.kafka.clients.producer.internals.Sender.run(Sender.java:243)
	at java.base/java.lang.Thread.run(Thread.java:833)
2024-04-22 17:54:12.446 WARN  [kafka-producer-network-thread | producer-1] [org.apache.kafka.clients.NetworkClient] - [Producer clientId=producer-1] Error connecting to node ubuntu-VirtualBox:9092 (id: 0 rack: null)
java.net.UnknownHostException: ubuntu-VirtualBox
	at java.base/java.net.InetAddress$CachedAddresses.get(InetAddress.java:801)
	at java.base/java.net.InetAddress.getAllByName0(InetAddress.java:1533)
	at java.base/java.net.InetAddress.getAllByName(InetAddress.java:1385)
	at java.base/java.net.InetAddress.getAllByName(InetAddress.java:1306)
	at org.apache.kafka.clients.DefaultHostResolver.resolve(DefaultHostResolver.java:27)
	at org.apache.kafka.clients.ClientUtils.resolve(ClientUtils.java:110)
	at org.apache.kafka.clients.ClusterConnectionStates$NodeConnectionState.currentAddress(ClusterConnectionStates.java:510)
	at org.apache.kafka.clients.ClusterConnectionStates$NodeConnectionState.access$200(ClusterConnectionStates.java:467)
	at org.apache.kafka.clients.ClusterConnectionStates.currentAddress(ClusterConnectionStates.java:173)
	at org.apache.kafka.clients.NetworkClient.initiateConnect(NetworkClient.java:990)
	at org.apache.kafka.clients.NetworkClient.access$600(NetworkClient.java:73)
	at org.apache.kafka.clients.NetworkClient$DefaultMetadataUpdater.maybeUpdate(NetworkClient.java:1163)
	at org.apache.kafka.clients.NetworkClient$DefaultMetadataUpdater.maybeUpdate(NetworkClient.java:1051)
	at org.apache.kafka.clients.NetworkClient.poll(NetworkClient.java:558)
	at org.apache.kafka.clients.producer.internals.Sender.runOnce(Sender.java:328)
	at org.apache.kafka.clients.producer.internals.Sender.run(Sender.java:243)
	at java.base/java.lang.Thread.run(Thread.java:833)
2024-04-22 17:54:13.362 WARN  [kafka-producer-network-thread | producer-1] [org.apache.kafka.clients.NetworkClient] - [Producer clientId=producer-1] Error connecting to node ubuntu-VirtualBox:9092 (id: 0 rack: null)
java.net.UnknownHostException: ubuntu-VirtualBox
	at java.base/java.net.InetAddress$CachedAddresses.get(InetAddress.java:801)
	at java.base/java.net.InetAddress.getAllByName0(InetAddress.java:1533)
	at java.base/java.net.InetAddress.getAllByName(InetAddress.java:1385)
	at java.base/java.net.InetAddress.getAllByName(InetAddress.java:1306)
	at org.apache.kafka.clients.DefaultHostResolver.resolve(DefaultHostResolver.java:27)
	at org.apache.kafka.clients.ClientUtils.resolve(ClientUtils.java:110)
	at org.apache.kafka.clients.ClusterConnectionStates$NodeConnectionState.currentAddress(ClusterConnectionStates.java:510)
	at org.apache.kafka.clients.ClusterConnectionStates$NodeConnectionState.access$200(ClusterConnectionStates.java:467)
	at org.apache.kafka.clients.ClusterConnectionStates.currentAddress(ClusterConnectionStates.java:173)
	at org.apache.kafka.clients.NetworkClient.initiateConnect(NetworkClient.java:990)
	at org.apache.kafka.clients.NetworkClient.access$600(NetworkClient.java:73)
	at org.apache.kafka.clients.NetworkClient$DefaultMetadataUpdater.maybeUpdate(NetworkClient.java:1163)
	at org.apache.kafka.clients.NetworkClient$DefaultMetadataUpdater.maybeUpdate(NetworkClient.java:1051)
	at org.apache.kafka.clients.NetworkClient.poll(NetworkClient.java:558)
	at org.apache.kafka.clients.producer.internals.Sender.runOnce(Sender.java:328)
	at org.apache.kafka.clients.producer.internals.Sender.run(Sender.java:243)
	at java.base/java.lang.Thread.run(Thread.java:833)
2024-04-22 17:54:14.470 WARN  [kafka-producer-network-thread | producer-1] [org.apache.kafka.clients.NetworkClient] - [Producer clientId=producer-1] Error connecting to node ubuntu-VirtualBox:9092 (id: 0 rack: null)
java.net.UnknownHostException: ubuntu-VirtualBox
	at java.base/java.net.InetAddress$CachedAddresses.get(InetAddress.java:801)
	at java.base/java.net.InetAddress.getAllByName0(InetAddress.java:1533)
	at java.base/java.net.InetAddress.getAllByName(InetAddress.java:1385)
	at java.base/java.net.InetAddress.getAllByName(InetAddress.java:1306)
	at org.apache.kafka.clients.DefaultHostResolver.resolve(DefaultHostResolver.java:27)
	at org.apache.kafka.clients.ClientUtils.resolve(ClientUtils.java:110)
	at org.apache.kafka.clients.ClusterConnectionStates$NodeConnectionState.currentAddress(ClusterConnectionStates.java:510)
	at org.apache.kafka.clients.ClusterConnectionStates$NodeConnectionState.access$200(ClusterConnectionStates.java:467)
	at org.apache.kafka.clients.ClusterConnectionStates.currentAddress(ClusterConnectionStates.java:173)
	at org.apache.kafka.clients.NetworkClient.initiateConnect(NetworkClient.java:990)
	at org.apache.kafka.clients.NetworkClient.access$600(NetworkClient.java:73)
	at org.apache.kafka.clients.NetworkClient$DefaultMetadataUpdater.maybeUpdate(NetworkClient.java:1163)
	at org.apache.kafka.clients.NetworkClient$DefaultMetadataUpdater.maybeUpdate(NetworkClient.java:1051)
	at org.apache.kafka.clients.NetworkClient.poll(NetworkClient.java:558)
	at org.apache.kafka.clients.producer.internals.Sender.runOnce(Sender.java:328)
	at org.apache.kafka.clients.producer.internals.Sender.run(Sender.java:243)
	at java.base/java.lang.Thread.run(Thread.java:833)
2024-04-22 17:54:16.582 WARN  [kafka-producer-network-thread | producer-1] [org.apache.kafka.clients.NetworkClient] - [Producer clientId=producer-1] Error connecting to node ubuntu-VirtualBox:9092 (id: 0 rack: null)
java.net.UnknownHostException: 알려진 호스트가 없습니다 (ubuntu-VirtualBox)
	at java.base/java.net.Inet6AddressImpl.lookupAllHostAddr(Native Method)
	at java.base/java.net.InetAddress$PlatformNameService.lookupAllHostAddr(InetAddress.java:934)
	at java.base/java.net.InetAddress.getAddressesFromNameService(InetAddress.java:1543)
	at java.base/java.net.InetAddress$NameServiceAddresses.get(InetAddress.java:852)
	at java.base/java.net.InetAddress.getAllByName0(InetAddress.java:1533)
	at java.base/java.net.InetAddress.getAllByName(InetAddress.java:1385)
	at java.base/java.net.InetAddress.getAllByName(InetAddress.java:1306)
	at org.apache.kafka.clients.DefaultHostResolver.resolve(DefaultHostResolver.java:27)
	at org.apache.kafka.clients.ClientUtils.resolve(ClientUtils.java:110)
	at org.apache.kafka.clients.ClusterConnectionStates$NodeConnectionState.currentAddress(ClusterConnectionStates.java:510)
	at org.apache.kafka.clients.ClusterConnectionStates$NodeConnectionState.access$200(ClusterConnectionStates.java:467)
	at org.apache.kafka.clients.ClusterConnectionStates.currentAddress(ClusterConnectionStates.java:173)
	at org.apache.kafka.clients.NetworkClient.initiateConnect(NetworkClient.java:990)
	at org.apache.kafka.clients.NetworkClient.access$600(NetworkClient.java:73)
	at org.apache.kafka.clients.NetworkClient$DefaultMetadataUpdater.maybeUpdate(NetworkClient.java:1163)
	at org.apache.kafka.clients.NetworkClient$DefaultMetadataUpdater.maybeUpdate(NetworkClient.java:1051)
	at org.apache.kafka.clients.NetworkClient.poll(NetworkClient.java:558)
	at org.apache.kafka.clients.producer.internals.Sender.runOnce(Sender.java:328)
	at org.apache.kafka.clients.producer.internals.Sender.run(Sender.java:243)
	at java.base/java.lang.Thread.run(Thread.java:833)
2024-04-22 17:54:16.641 WARN  [kafka-producer-network-thread | producer-1] [org.apache.kafka.clients.NetworkClient] - [Producer clientId=producer-1] Error connecting to node ubuntu-VirtualBox:9092 (id: 0 rack: null)
java.net.UnknownHostException: ubuntu-VirtualBox
	at java.base/java.net.InetAddress$CachedAddresses.get(InetAddress.java:801)
	at java.base/java.net.InetAddress.getAllByName0(InetAddress.java:1533)
	at java.base/java.net.InetAddress.getAllByName(InetAddress.java:1385)
	at java.base/java.net.InetAddress.getAllByName(InetAddress.java:1306)
	at org.apache.kafka.clients.DefaultHostResolver.resolve(DefaultHostResolver.java:27)
	at org.apache.kafka.clients.ClientUtils.resolve(ClientUtils.java:110)
	at org.apache.kafka.clients.ClusterConnectionStates$NodeConnectionState.currentAddress(ClusterConnectionStates.java:510)
	at org.apache.kafka.clients.ClusterConnectionStates$NodeConnectionState.access$200(ClusterConnectionStates.java:467)
	at org.apache.kafka.clients.ClusterConnectionStates.currentAddress(ClusterConnectionStates.java:173)
	at org.apache.kafka.clients.NetworkClient.initiateConnect(NetworkClient.java:990)
	at org.apache.kafka.clients.NetworkClient.access$600(NetworkClient.java:73)
	at org.apache.kafka.clients.NetworkClient$DefaultMetadataUpdater.maybeUpdate(NetworkClient.java:1163)
	at org.apache.kafka.clients.NetworkClient$DefaultMetadataUpdater.maybeUpdate(NetworkClient.java:1051)
	at org.apache.kafka.clients.NetworkClient.poll(NetworkClient.java:558)
	at org.apache.kafka.clients.producer.internals.Sender.runOnce(Sender.java:328)
	at org.apache.kafka.clients.producer.internals.Sender.run(Sender.java:243)
	at java.base/java.lang.Thread.run(Thread.java:833)
2024-04-22 17:54:17.740 WARN  [kafka-producer-network-thread | producer-1] [org.apache.kafka.clients.NetworkClient] - [Producer clientId=producer-1] Error connecting to node ubuntu-VirtualBox:9092 (id: 0 rack: null)
java.net.UnknownHostException: ubuntu-VirtualBox
	at java.base/java.net.InetAddress$CachedAddresses.get(InetAddress.java:801)
	at java.base/java.net.InetAddress.getAllByName0(InetAddress.java:1533)
	at java.base/java.net.InetAddress.getAllByName(InetAddress.java:1385)
	at java.base/java.net.InetAddress.getAllByName(InetAddress.java:1306)
	at org.apache.kafka.clients.DefaultHostResolver.resolve(DefaultHostResolver.java:27)
	at org.apache.kafka.clients.ClientUtils.resolve(ClientUtils.java:110)
	at org.apache.kafka.clients.ClusterConnectionStates$NodeConnectionState.currentAddress(ClusterConnectionStates.java:510)
	at org.apache.kafka.clients.ClusterConnectionStates$NodeConnectionState.access$200(ClusterConnectionStates.java:467)
	at org.apache.kafka.clients.ClusterConnectionStates.currentAddress(ClusterConnectionStates.java:173)
	at org.apache.kafka.clients.NetworkClient.initiateConnect(NetworkClient.java:990)
	at org.apache.kafka.clients.NetworkClient.access$600(NetworkClient.java:73)
	at org.apache.kafka.clients.NetworkClient$DefaultMetadataUpdater.maybeUpdate(NetworkClient.java:1163)
	at org.apache.kafka.clients.NetworkClient$DefaultMetadataUpdater.maybeUpdate(NetworkClient.java:1051)
	at org.apache.kafka.clients.NetworkClient.poll(NetworkClient.java:558)
	at org.apache.kafka.clients.producer.internals.Sender.runOnce(Sender.java:328)
	at org.apache.kafka.clients.producer.internals.Sender.run(Sender.java:243)
	at java.base/java.lang.Thread.run(Thread.java:833)
2024-04-22 17:54:18.856 WARN  [kafka-producer-network-thread | producer-1] [org.apache.kafka.clients.NetworkClient] - [Producer clientId=producer-1] Error connecting to node ubuntu-VirtualBox:9092 (id: 0 rack: null)
java.net.UnknownHostException: ubuntu-VirtualBox
	at java.base/java.net.InetAddress$CachedAddresses.get(InetAddress.java:801)
	at java.base/java.net.InetAddress.getAllByName0(InetAddress.java:1533)
	at java.base/java.net.InetAddress.getAllByName(InetAddress.java:1385)
	at java.base/java.net.InetAddress.getAllByName(InetAddress.java:1306)
	at org.apache.kafka.clients.DefaultHostResolver.resolve(DefaultHostResolver.java:27)
	at org.apache.kafka.clients.ClientUtils.resolve(ClientUtils.java:110)
	at org.apache.kafka.clients.ClusterConnectionStates$NodeConnectionState.currentAddress(ClusterConnectionStates.java:510)
	at org.apache.kafka.clients.ClusterConnectionStates$NodeConnectionState.access$200(ClusterConnectionStates.java:467)
	at org.apache.kafka.clients.ClusterConnectionStates.currentAddress(ClusterConnectionStates.java:173)
	at org.apache.kafka.clients.NetworkClient.initiateConnect(NetworkClient.java:990)
	at org.apache.kafka.clients.NetworkClient.access$600(NetworkClient.java:73)
	at org.apache.kafka.clients.NetworkClient$DefaultMetadataUpdater.maybeUpdate(NetworkClient.java:1163)
	at org.apache.kafka.clients.NetworkClient$DefaultMetadataUpdater.maybeUpdate(NetworkClient.java:1051)
	at org.apache.kafka.clients.NetworkClient.poll(NetworkClient.java:558)
	at org.apache.kafka.clients.producer.internals.Sender.runOnce(Sender.java:328)
	at org.apache.kafka.clients.producer.internals.Sender.run(Sender.java:243)
	at java.base/java.lang.Thread.run(Thread.java:833)
2024-04-22 17:54:19.908 WARN  [kafka-producer-network-thread | producer-1] [org.apache.kafka.clients.NetworkClient] - [Producer clientId=producer-1] Error connecting to node ubuntu-VirtualBox:9092 (id: 0 rack: null)
java.net.UnknownHostException: ubuntu-VirtualBox
	at java.base/java.net.InetAddress$CachedAddresses.get(InetAddress.java:801)
	at java.base/java.net.InetAddress.getAllByName0(InetAddress.java:1533)
	at java.base/java.net.InetAddress.getAllByName(InetAddress.java:1385)
	at java.base/java.net.InetAddress.getAllByName(InetAddress.java:1306)
	at org.apache.kafka.clients.DefaultHostResolver.resolve(DefaultHostResolver.java:27)
	at org.apache.kafka.clients.ClientUtils.resolve(ClientUtils.java:110)
	at org.apache.kafka.clients.ClusterConnectionStates$NodeConnectionState.currentAddress(ClusterConnectionStates.java:510)
	at org.apache.kafka.clients.ClusterConnectionStates$NodeConnectionState.access$200(ClusterConnectionStates.java:467)
	at org.apache.kafka.clients.ClusterConnectionStates.currentAddress(ClusterConnectionStates.java:173)
	at org.apache.kafka.clients.NetworkClient.initiateConnect(NetworkClient.java:990)
	at org.apache.kafka.clients.NetworkClient.access$600(NetworkClient.java:73)
	at org.apache.kafka.clients.NetworkClient$DefaultMetadataUpdater.maybeUpdate(NetworkClient.java:1163)
	at org.apache.kafka.clients.NetworkClient$DefaultMetadataUpdater.maybeUpdate(NetworkClient.java:1051)
	at org.apache.kafka.clients.NetworkClient.poll(NetworkClient.java:558)
	at org.apache.kafka.clients.producer.internals.Sender.runOnce(Sender.java:328)
	at org.apache.kafka.clients.producer.internals.Sender.run(Sender.java:243)
	at java.base/java.lang.Thread.run(Thread.java:833)
2024-04-22 17:54:21.089 WARN  [kafka-producer-network-thread | producer-1] [org.apache.kafka.clients.NetworkClient] - [Producer clientId=producer-1] Error connecting to node ubuntu-VirtualBox:9092 (id: 0 rack: null)
java.net.UnknownHostException: ubuntu-VirtualBox
	at java.base/java.net.InetAddress$CachedAddresses.get(InetAddress.java:801)
	at java.base/java.net.InetAddress.getAllByName0(InetAddress.java:1533)
	at java.base/java.net.InetAddress.getAllByName(InetAddress.java:1385)
	at java.base/java.net.InetAddress.getAllByName(InetAddress.java:1306)
	at org.apache.kafka.clients.DefaultHostResolver.resolve(DefaultHostResolver.java:27)
	at org.apache.kafka.clients.ClientUtils.resolve(ClientUtils.java:110)
	at org.apache.kafka.clients.ClusterConnectionStates$NodeConnectionState.currentAddress(ClusterConnectionStates.java:510)
	at org.apache.kafka.clients.ClusterConnectionStates$NodeConnectionState.access$200(ClusterConnectionStates.java:467)
	at org.apache.kafka.clients.ClusterConnectionStates.currentAddress(ClusterConnectionStates.java:173)
	at org.apache.kafka.clients.NetworkClient.initiateConnect(NetworkClient.java:990)
	at org.apache.kafka.clients.NetworkClient.access$600(NetworkClient.java:73)
	at org.apache.kafka.clients.NetworkClient$DefaultMetadataUpdater.maybeUpdate(NetworkClient.java:1163)
	at org.apache.kafka.clients.NetworkClient$DefaultMetadataUpdater.maybeUpdate(NetworkClient.java:1051)
	at org.apache.kafka.clients.NetworkClient.poll(NetworkClient.java:558)
	at org.apache.kafka.clients.producer.internals.Sender.runOnce(Sender.java:328)
	at org.apache.kafka.clients.producer.internals.Sender.run(Sender.java:243)
	at java.base/java.lang.Thread.run(Thread.java:833)
